<?xml version="1.0" encoding="UTF-8"?>
<testsuite name="TimeOfDayTest" tests="7" skipped="0" failures="0" errors="0" timestamp="2021-08-01T03:43:49" hostname="EARTH" time="0.026">
  <properties/>
  <testcase name="isProper()" classname="TimeOfDayTest" time="0.018"/>
  <testcase name="getHour()" classname="TimeOfDayTest" time="0.001"/>
  <testcase name="getTimeBlock()" classname="TimeOfDayTest" time="0.001"/>
  <testcase name="setMinute()" classname="TimeOfDayTest" time="0.001"/>
  <testcase name="getMinute()" classname="TimeOfDayTest" time="0.001"/>
  <testcase name="setTimeBlock()" classname="TimeOfDayTest" time="0.001"/>
  <testcase name="setHour()" classname="TimeOfDayTest" time="0.001"/>
  <system-out><![CDATA[]]></system-out>
  <system-err><![CDATA[]]></system-err>
</testsuite>
