<?xml version="1.0" encoding="UTF-8"?>
<testsuite name="RecordTest" tests="1" skipped="0" failures="0" errors="0" timestamp="2021-08-01T04:34:30" hostname="EARTH" time="0.022">
  <properties/>
  <testcase name="testEquals()" classname="RecordTest" time="0.022"/>
  <system-out><![CDATA[Checking if Record Record@fe58ba83 (this) equals Object Record@fe58ba83 (input)...
Input object is not this object...
Input object is a Record object...
Input object amount is identical...
Input object date is identical...
Input object day of week is identical...
Input object time of day is identical...
Input object category is identical...
Input object details are identical...
Checking if Record Record@fe58ba83 (this) equals Object Record@bfd488b6 (input)...
Input object is not this object...
Input object is a Record object...
Input object amount is identical...
]]></system-out>
  <system-err><![CDATA[]]></system-err>
</testsuite>
